This file contains any messages produced by compilers while
running configure, to aid debugging if configure makes a mistake.

It was created by Roman_Calculator configure 1.0, which was
generated by GNU Autoconf 2.69.  Invocation command line was

  $ ./configure 

## --------- ##
## Platform. ##
## --------- ##

hostname = dumma-Inspiron-7558
uname -m = x86_64
uname -r = 4.4.0-63-generic
uname -s = Linux
uname -v = #84-Ubuntu SMP Wed Feb 1 17:20:32 UTC 2017

/usr/bin/uname -p = unknown
/bin/uname -X     = unknown

/bin/arch              = unknown
/usr/bin/arch -k       = unknown
/usr/convex/getsysinfo = unknown
/usr/bin/hostinfo      = unknown
/bin/machine           = unknown
/usr/bin/oslevel       = unknown
/bin/universe          = unknown

PATH: /home/dumma/Downloads/google-cloud-sdk/bin
PATH: /home/dumma/bin
PATH: /home/dumma/.local/bin
PATH: /usr/local/sbin
PATH: /usr/local/bin
PATH: /usr/sbin
PATH: /usr/bin
PATH: /sbin
PATH: /bin
PATH: /usr/games
PATH: /usr/local/games
PATH: /snap/bin


## ----------- ##
## Core tests. ##
## ----------- ##

configure:2296: checking for gcc
configure:2312: found /usr/bin/gcc
configure:2323: result: gcc
configure:2552: checking for C compiler version
configure:2561: gcc --version >&5
gcc (Ubuntu 5.4.0-6ubuntu1~16.04.4) 5.4.0 20160609
Copyright (C) 2015 Free Software Foundation, Inc.
This is free software; see the source for copying conditions.  There is NO
warranty; not even for MERCHANTABILITY or FITNESS FOR A PARTICULAR PURPOSE.

configure:2572: $? = 0
configure:2561: gcc -v >&5
Using built-in specs.
COLLECT_GCC=gcc
COLLECT_LTO_WRAPPER=/usr/lib/gcc/x86_64-linux-gnu/5/lto-wrapper
Target: x86_64-linux-gnu
Configured with: ../src/configure -v --with-pkgversion='Ubuntu 5.4.0-6ubuntu1~16.04.4' --with-bugurl=file:///usr/share/doc/gcc-5/README.Bugs --enable-languages=c,ada,c++,java,go,d,fortran,objc,obj-c++ --prefix=/usr --program-suffix=-5 --enable-shared --enable-linker-build-id --libexecdir=/usr/lib --without-included-gettext --enable-threads=posix --libdir=/usr/lib --enable-nls --with-sysroot=/ --enable-clocale=gnu --enable-libstdcxx-debug --enable-libstdcxx-time=yes --with-default-libstdcxx-abi=new --enable-gnu-unique-object --disable-vtable-verify --enable-libmpx --enable-plugin --with-system-zlib --disable-browser-plugin --enable-java-awt=gtk --enable-gtk-cairo --with-java-home=/usr/lib/jvm/java-1.5.0-gcj-5-amd64/jre --enable-java-home --with-jvm-root-dir=/usr/lib/jvm/java-1.5.0-gcj-5-amd64 --with-jvm-jar-dir=/usr/lib/jvm-exports/java-1.5.0-gcj-5-amd64 --with-arch-directory=amd64 --with-ecj-jar=/usr/share/java/eclipse-ecj.jar --enable-objc-gc --enable-multiarch --disable-werror --with-arch-32=i686 --with-abi=m64 --with-multilib-list=m32,m64,mx32 --enable-multilib --with-tune=generic --enable-checking=release --build=x86_64-linux-gnu --host=x86_64-linux-gnu --target=x86_64-linux-gnu
Thread model: posix
gcc version 5.4.0 20160609 (Ubuntu 5.4.0-6ubuntu1~16.04.4) 
configure:2572: $? = 0
configure:2561: gcc -V >&5
gcc: error: unrecognized command line option '-V'
gcc: fatal error: no input files
compilation terminated.
configure:2572: $? = 1
configure:2561: gcc -qversion >&5
gcc: error: unrecognized command line option '-qversion'
gcc: fatal error: no input files
compilation terminated.
configure:2572: $? = 1
configure:2592: checking whether the C compiler works
configure:2614: gcc    conftest.c  >&5
configure:2618: $? = 0
configure:2666: result: yes
configure:2669: checking for C compiler default output file name
configure:2671: result: a.out
configure:2677: checking for suffix of executables
configure:2684: gcc -o conftest    conftest.c  >&5
configure:2688: $? = 0
configure:2710: result: 
configure:2732: checking whether we are cross compiling
configure:2740: gcc -o conftest    conftest.c  >&5
configure:2744: $? = 0
configure:2751: ./conftest
configure:2755: $? = 0
configure:2770: result: no
configure:2775: checking for suffix of object files
configure:2797: gcc -c   conftest.c >&5
configure:2801: $? = 0
configure:2822: result: o
configure:2826: checking whether we are using the GNU C compiler
configure:2845: gcc -c   conftest.c >&5
configure:2845: $? = 0
configure:2854: result: yes
configure:2863: checking whether gcc accepts -g
configure:2883: gcc -c -g  conftest.c >&5
configure:2883: $? = 0
configure:2924: result: yes
configure:2941: checking for gcc option to accept ISO C89
configure:3004: gcc  -c -g -O2  conftest.c >&5
configure:3004: $? = 0
configure:3017: result: none needed
configure:3042: checking whether gcc understands -c and -o together
configure:3064: gcc -c conftest.c -o conftest2.o
configure:3067: $? = 0
configure:3064: gcc -c conftest.c -o conftest2.o
configure:3067: $? = 0
configure:3079: result: yes
configure:3146: checking for ar
configure:3162: found /usr/bin/ar
configure:3173: result: ar
configure:3199: checking the archiver (ar) interface
configure:3215: gcc -c -g -O2  conftest.c >&5
configure:3215: $? = 0
configure:3217: ar cru libconftest.a conftest.o >&5
ar: `u' modifier ignored since `D' is the default (see `U')
configure:3220: $? = 0
configure:3248: result: ar
configure:3324: checking for a BSD-compatible install
configure:3392: result: /usr/bin/install -c
configure:3403: checking whether build environment is sane
configure:3458: result: yes
configure:3493: WARNING: 'missing' script is too old or missing
configure:3606: checking for a thread-safe mkdir -p
configure:3645: result: /bin/mkdir -p
configure:3652: checking for gawk
configure:3668: found /usr/bin/gawk
configure:3679: result: gawk
configure:3690: checking whether make sets $(MAKE)
configure:3712: result: yes
configure:3742: checking for style of include used by make
configure:3770: result: GNU
configure:3804: checking whether make supports nested variables
configure:3821: result: yes
configure:3906: checking dependency style of gcc
configure:4017: result: gcc3
configure:4125: checking for gcc
configure:4152: result: gcc
configure:4381: checking for C compiler version
configure:4390: gcc --version >&5
gcc (Ubuntu 5.4.0-6ubuntu1~16.04.4) 5.4.0 20160609
Copyright (C) 2015 Free Software Foundation, Inc.
This is free software; see the source for copying conditions.  There is NO
warranty; not even for MERCHANTABILITY or FITNESS FOR A PARTICULAR PURPOSE.

configure:4401: $? = 0
configure:4390: gcc -v >&5
Using built-in specs.
COLLECT_GCC=gcc
COLLECT_LTO_WRAPPER=/usr/lib/gcc/x86_64-linux-gnu/5/lto-wrapper
Target: x86_64-linux-gnu
Configured with: ../src/configure -v --with-pkgversion='Ubuntu 5.4.0-6ubuntu1~16.04.4' --with-bugurl=file:///usr/share/doc/gcc-5/README.Bugs --enable-languages=c,ada,c++,java,go,d,fortran,objc,obj-c++ --prefix=/usr --program-suffix=-5 --enable-shared --enable-linker-build-id --libexecdir=/usr/lib --without-included-gettext --enable-threads=posix --libdir=/usr/lib --enable-nls --with-sysroot=/ --enable-clocale=gnu --enable-libstdcxx-debug --enable-libstdcxx-time=yes --with-default-libstdcxx-abi=new --enable-gnu-unique-object --disable-vtable-verify --enable-libmpx --enable-plugin --with-system-zlib --disable-browser-plugin --enable-java-awt=gtk --enable-gtk-cairo --with-java-home=/usr/lib/jvm/java-1.5.0-gcj-5-amd64/jre --enable-java-home --with-jvm-root-dir=/usr/lib/jvm/java-1.5.0-gcj-5-amd64 --with-jvm-jar-dir=/usr/lib/jvm-exports/java-1.5.0-gcj-5-amd64 --with-arch-directory=amd64 --with-ecj-jar=/usr/share/java/eclipse-ecj.jar --enable-objc-gc --enable-multiarch --disable-werror --with-arch-32=i686 --with-abi=m64 --with-multilib-list=m32,m64,mx32 --enable-multilib --with-tune=generic --enable-checking=release --build=x86_64-linux-gnu --host=x86_64-linux-gnu --target=x86_64-linux-gnu
Thread model: posix
gcc version 5.4.0 20160609 (Ubuntu 5.4.0-6ubuntu1~16.04.4) 
configure:4401: $? = 0
configure:4390: gcc -V >&5
gcc: error: unrecognized command line option '-V'
gcc: fatal error: no input files
compilation terminated.
configure:4401: $? = 1
configure:4390: gcc -qversion >&5
gcc: error: unrecognized command line option '-qversion'
gcc: fatal error: no input files
compilation terminated.
configure:4401: $? = 1
configure:4405: checking whether we are using the GNU C compiler
configure:4433: result: yes
configure:4442: checking whether gcc accepts -g
configure:4503: result: yes
configure:4520: checking for gcc option to accept ISO C89
configure:4596: result: none needed
configure:4621: checking whether gcc understands -c and -o together
configure:4658: result: yes
configure:4704: checking build system type
configure:4718: result: x86_64-pc-linux-gnu
configure:4738: checking host system type
configure:4751: result: x86_64-pc-linux-gnu
configure:4792: checking how to print strings
configure:4819: result: printf
configure:4840: checking for a sed that does not truncate output
configure:4904: result: /bin/sed
configure:4922: checking for grep that handles long lines and -e
configure:4980: result: /bin/grep
configure:4985: checking for egrep
configure:5047: result: /bin/grep -E
configure:5052: checking for fgrep
configure:5114: result: /bin/grep -F
configure:5149: checking for ld used by gcc
configure:5216: result: /usr/bin/ld
configure:5223: checking if the linker (/usr/bin/ld) is GNU ld
configure:5238: result: yes
configure:5250: checking for BSD- or MS-compatible name lister (nm)
configure:5304: result: /usr/bin/nm -B
configure:5434: checking the name lister (/usr/bin/nm -B) interface
configure:5441: gcc -c -g -O2  conftest.c >&5
configure:5444: /usr/bin/nm -B "conftest.o"
configure:5447: output
0000000000000000 B some_variable
configure:5454: result: BSD nm
configure:5457: checking whether ln -s works
configure:5461: result: yes
configure:5469: checking the maximum length of command line arguments
configure:5600: result: 1572864
configure:5648: checking how to convert x86_64-pc-linux-gnu file names to x86_64-pc-linux-gnu format
configure:5688: result: func_convert_file_noop
configure:5695: checking how to convert x86_64-pc-linux-gnu file names to toolchain format
configure:5715: result: func_convert_file_noop
configure:5722: checking for /usr/bin/ld option to reload object files
configure:5729: result: -r
configure:5803: checking for objdump
configure:5819: found /usr/bin/objdump
configure:5830: result: objdump
configure:5862: checking how to recognize dependent libraries
configure:6062: result: pass_all
configure:6147: checking for dlltool
configure:6177: result: no
configure:6207: checking how to associate runtime and link libraries
configure:6234: result: printf %s\n
configure:6358: checking for archiver @FILE support
configure:6375: gcc -c -g -O2  conftest.c >&5
configure:6375: $? = 0
configure:6378: ar cru libconftest.a @conftest.lst >&5
ar: `u' modifier ignored since `D' is the default (see `U')
configure:6381: $? = 0
configure:6386: ar cru libconftest.a @conftest.lst >&5
ar: `u' modifier ignored since `D' is the default (see `U')
ar: conftest.o: No such file or directory
configure:6389: $? = 1
configure:6401: result: @
configure:6459: checking for strip
configure:6475: found /usr/bin/strip
configure:6486: result: strip
configure:6558: checking for ranlib
configure:6574: found /usr/bin/ranlib
configure:6585: result: ranlib
configure:6687: checking command to parse /usr/bin/nm -B output from gcc object
configure:6840: gcc -c -g -O2  conftest.c >&5
configure:6843: $? = 0
configure:6847: /usr/bin/nm -B conftest.o \| sed -n -e 's/^.*[ ]\([ABCDGIRSTW][ABCDGIRSTW]*\)[ ][ ]*\([_A-Za-z][_A-Za-z0-9]*\)$/\1 \2 \2/p' | sed '/ __gnu_lto/d' \> conftest.nm
configure:6850: $? = 0
configure:6916: gcc -o conftest -g -O2   conftest.c conftstm.o >&5
configure:6919: $? = 0
configure:6957: result: ok
configure:7004: checking for sysroot
configure:7034: result: no
configure:7041: checking for a working dd
configure:7079: result: /bin/dd
configure:7083: checking how to truncate binary pipes
configure:7098: result: /bin/dd bs=4096 count=1
configure:7234: gcc -c -g -O2  conftest.c >&5
configure:7237: $? = 0
configure:7427: checking for mt
configure:7443: found /bin/mt
configure:7454: result: mt
configure:7477: checking if mt is a manifest tool
configure:7483: mt '-?'
configure:7491: result: no
configure:8168: checking how to run the C preprocessor
configure:8199: gcc -E  conftest.c
configure:8199: $? = 0
configure:8213: gcc -E  conftest.c
conftest.c:11:28: fatal error: ac_nonexistent.h: No such file or directory
compilation terminated.
configure:8213: $? = 1
configure: failed program was:
| /* confdefs.h */
| #define PACKAGE_NAME "Roman_Calculator"
| #define PACKAGE_TARNAME "roman_calculator"
| #define PACKAGE_VERSION "1.0"
| #define PACKAGE_STRING "Roman_Calculator 1.0"
| #define PACKAGE_BUGREPORT "ranjit.shanbhag@gmail.com"
| #define PACKAGE_URL ""
| #define PACKAGE "roman_calculator"
| #define VERSION "1.0"
| /* end confdefs.h.  */
| #include <ac_nonexistent.h>
configure:8238: result: gcc -E
configure:8258: gcc -E  conftest.c
configure:8258: $? = 0
configure:8272: gcc -E  conftest.c
conftest.c:11:28: fatal error: ac_nonexistent.h: No such file or directory
compilation terminated.
configure:8272: $? = 1
configure: failed program was:
| /* confdefs.h */
| #define PACKAGE_NAME "Roman_Calculator"
| #define PACKAGE_TARNAME "roman_calculator"
| #define PACKAGE_VERSION "1.0"
| #define PACKAGE_STRING "Roman_Calculator 1.0"
| #define PACKAGE_BUGREPORT "ranjit.shanbhag@gmail.com"
| #define PACKAGE_URL ""
| #define PACKAGE "roman_calculator"
| #define VERSION "1.0"
| /* end confdefs.h.  */
| #include <ac_nonexistent.h>
configure:8301: checking for ANSI C header files
configure:8321: gcc -c -g -O2  conftest.c >&5
configure:8321: $? = 0
configure:8394: gcc -o conftest -g -O2   conftest.c  >&5
configure:8394: $? = 0
configure:8394: ./conftest
configure:8394: $? = 0
configure:8405: result: yes
configure:8418: checking for sys/types.h
configure:8418: gcc -c -g -O2  conftest.c >&5
configure:8418: $? = 0
configure:8418: result: yes
configure:8418: checking for sys/stat.h
configure:8418: gcc -c -g -O2  conftest.c >&5
configure:8418: $? = 0
configure:8418: result: yes
configure:8418: checking for stdlib.h
configure:8418: gcc -c -g -O2  conftest.c >&5
configure:8418: $? = 0
configure:8418: result: yes
configure:8418: checking for string.h
configure:8418: gcc -c -g -O2  conftest.c >&5
configure:8418: $? = 0
configure:8418: result: yes
configure:8418: checking for memory.h
configure:8418: gcc -c -g -O2  conftest.c >&5
configure:8418: $? = 0
configure:8418: result: yes
configure:8418: checking for strings.h
configure:8418: gcc -c -g -O2  conftest.c >&5
configure:8418: $? = 0
configure:8418: result: yes
configure:8418: checking for inttypes.h
configure:8418: gcc -c -g -O2  conftest.c >&5
configure:8418: $? = 0
configure:8418: result: yes
configure:8418: checking for stdint.h
configure:8418: gcc -c -g -O2  conftest.c >&5
configure:8418: $? = 0
configure:8418: result: yes
configure:8418: checking for unistd.h
configure:8418: gcc -c -g -O2  conftest.c >&5
configure:8418: $? = 0
configure:8418: result: yes
configure:8432: checking for dlfcn.h
configure:8432: gcc -c -g -O2  conftest.c >&5
configure:8432: $? = 0
configure:8432: result: yes
configure:8688: checking for objdir
configure:8703: result: .libs
configure:8963: checking if gcc supports -fno-rtti -fno-exceptions
configure:8981: gcc -c -g -O2  -fno-rtti -fno-exceptions conftest.c >&5
cc1: warning: command line option '-fno-rtti' is valid for C++/ObjC++ but not for C
configure:8985: $? = 0
configure:8998: result: no
configure:9356: checking for gcc option to produce PIC
configure:9363: result: -fPIC -DPIC
configure:9371: checking if gcc PIC flag -fPIC -DPIC works
configure:9389: gcc -c -g -O2  -fPIC -DPIC -DPIC conftest.c >&5
configure:9393: $? = 0
configure:9406: result: yes
configure:9435: checking if gcc static flag -static works
configure:9463: result: yes
configure:9478: checking if gcc supports -c -o file.o
configure:9499: gcc -c -g -O2  -o out/conftest2.o conftest.c >&5
configure:9503: $? = 0
configure:9525: result: yes
configure:9533: checking if gcc supports -c -o file.o
configure:9580: result: yes
configure:9613: checking whether the gcc linker (/usr/bin/ld -m elf_x86_64) supports shared libraries
configure:10876: result: yes
configure:10913: checking whether -lc should be explicitly linked in
configure:10921: gcc -c -g -O2  conftest.c >&5
configure:10924: $? = 0
configure:10939: gcc -shared  -fPIC -DPIC conftest.o  -v -Wl,-soname -Wl,conftest -o conftest 2\>\&1 \| /bin/grep  -lc  \>/dev/null 2\>\&1
configure:10942: $? = 0
configure:10956: result: no
configure:11116: checking dynamic linker characteristics
configure:11697: gcc -o conftest -g -O2   -Wl,-rpath -Wl,/foo conftest.c  >&5
configure:11697: $? = 0
configure:11946: result: GNU/Linux ld.so
configure:12068: checking how to hardcode library paths into programs
configure:12093: result: immediate
configure:12641: checking whether stripping libraries is possible
configure:12646: result: yes
configure:12681: checking if libtool supports shared libraries
configure:12683: result: yes
configure:12686: checking whether to build shared libraries
configure:12711: result: yes
configure:12714: checking whether to build static libraries
configure:12718: result: yes
configure:12811: checking for pkg-config
configure:12829: found /usr/bin/pkg-config
configure:12841: result: /usr/bin/pkg-config
configure:12866: checking pkg-config is at least version 0.9.0
configure:12869: result: yes
configure:12879: checking for CHECK
configure:12886: $PKG_CONFIG --exists --print-errors "check >= 0.9.6"
configure:12889: $? = 0
configure:12903: $PKG_CONFIG --exists --print-errors "check >= 0.9.6"
configure:12906: $? = 0
configure:12964: result: yes
configure:12971: checking for ANSI C header files
configure:13075: result: yes
configure:13085: checking for stdlib.h
configure:13085: result: yes
configure:13101: checking for stdlib.h
configure:13101: result: yes
configure:13111: checking for GNU libc compatible malloc
configure:13135: gcc -o conftest -g -O2   conftest.c  >&5
configure:13135: $? = 0
configure:13135: ./conftest
configure:13135: $? = 0
configure:13145: result: yes
configure:13285: checking that generated files are newer than configure
configure:13291: result: done
configure:13314: creating ./config.status

## ---------------------- ##
## Running config.status. ##
## ---------------------- ##

This file was extended by Roman_Calculator config.status 1.0, which was
generated by GNU Autoconf 2.69.  Invocation command line was

  CONFIG_FILES    = 
  CONFIG_HEADERS  = 
  CONFIG_LINKS    = 
  CONFIG_COMMANDS = 
  $ ./config.status 

on dumma-Inspiron-7558

config.status:1096: creating Makefile
config.status:1096: creating src/Makefile
config.status:1096: creating tests/Makefile
config.status:1096: creating config.h
config.status:1277: config.h is unchanged
config.status:1325: executing depfiles commands
config.status:1325: executing libtool commands

## ---------------- ##
## Cache variables. ##
## ---------------- ##

ac_cv_build=x86_64-pc-linux-gnu
ac_cv_c_compiler_gnu=yes
ac_cv_env_CC_set=
ac_cv_env_CC_value=
ac_cv_env_CFLAGS_set=
ac_cv_env_CFLAGS_value=
ac_cv_env_CHECK_CFLAGS_set=
ac_cv_env_CHECK_CFLAGS_value=
ac_cv_env_CHECK_LIBS_set=
ac_cv_env_CHECK_LIBS_value=
ac_cv_env_CPPFLAGS_set=
ac_cv_env_CPPFLAGS_value=
ac_cv_env_CPP_set=
ac_cv_env_CPP_value=
ac_cv_env_LDFLAGS_set=
ac_cv_env_LDFLAGS_value=
ac_cv_env_LIBS_set=
ac_cv_env_LIBS_value=
ac_cv_env_LT_SYS_LIBRARY_PATH_set=
ac_cv_env_LT_SYS_LIBRARY_PATH_value=
ac_cv_env_PKG_CONFIG_LIBDIR_set=
ac_cv_env_PKG_CONFIG_LIBDIR_value=
ac_cv_env_PKG_CONFIG_PATH_set=
ac_cv_env_PKG_CONFIG_PATH_value=
ac_cv_env_PKG_CONFIG_set=
ac_cv_env_PKG_CONFIG_value=
ac_cv_env_build_alias_set=
ac_cv_env_build_alias_value=
ac_cv_env_host_alias_set=
ac_cv_env_host_alias_value=
ac_cv_env_target_alias_set=
ac_cv_env_target_alias_value=
ac_cv_func_malloc_0_nonnull=yes
ac_cv_header_dlfcn_h=yes
ac_cv_header_inttypes_h=yes
ac_cv_header_memory_h=yes
ac_cv_header_stdc=yes
ac_cv_header_stdint_h=yes
ac_cv_header_stdlib_h=yes
ac_cv_header_string_h=yes
ac_cv_header_strings_h=yes
ac_cv_header_sys_stat_h=yes
ac_cv_header_sys_types_h=yes
ac_cv_header_unistd_h=yes
ac_cv_host=x86_64-pc-linux-gnu
ac_cv_objext=o
ac_cv_path_EGREP='/bin/grep -E'
ac_cv_path_FGREP='/bin/grep -F'
ac_cv_path_GREP=/bin/grep
ac_cv_path_SED=/bin/sed
ac_cv_path_ac_pt_PKG_CONFIG=/usr/bin/pkg-config
ac_cv_path_install='/usr/bin/install -c'
ac_cv_path_lt_DD=/bin/dd
ac_cv_path_mkdir=/bin/mkdir
ac_cv_prog_AWK=gawk
ac_cv_prog_CPP='gcc -E'
ac_cv_prog_ac_ct_AR=ar
ac_cv_prog_ac_ct_CC=gcc
ac_cv_prog_ac_ct_MANIFEST_TOOL=mt
ac_cv_prog_ac_ct_OBJDUMP=objdump
ac_cv_prog_ac_ct_RANLIB=ranlib
ac_cv_prog_ac_ct_STRIP=strip
ac_cv_prog_cc_c89=
ac_cv_prog_cc_g=yes
ac_cv_prog_make_make_set=yes
am_cv_CC_dependencies_compiler_type=gcc3
am_cv_ar_interface=ar
am_cv_make_support_nested_variables=yes
am_cv_prog_cc_c_o=yes
lt_cv_ar_at_file=@
lt_cv_archive_cmds_need_lc=no
lt_cv_deplibs_check_method=pass_all
lt_cv_file_magic_cmd='$MAGIC_CMD'
lt_cv_file_magic_test_file=
lt_cv_ld_reload_flag=-r
lt_cv_nm_interface='BSD nm'
lt_cv_objdir=.libs
lt_cv_path_LD=/usr/bin/ld
lt_cv_path_NM='/usr/bin/nm -B'
lt_cv_path_mainfest_tool=no
lt_cv_prog_compiler_c_o=yes
lt_cv_prog_compiler_pic='-fPIC -DPIC'
lt_cv_prog_compiler_pic_works=yes
lt_cv_prog_compiler_rtti_exceptions=no
lt_cv_prog_compiler_static_works=yes
lt_cv_prog_gnu_ld=yes
lt_cv_sharedlib_from_linklib_cmd='printf %s\n'
lt_cv_shlibpath_overrides_runpath=no
lt_cv_sys_global_symbol_pipe='sed -n -e '\''s/^.*[	 ]\([ABCDGIRSTW][ABCDGIRSTW]*\)[	 ][	 ]*\([_A-Za-z][_A-Za-z0-9]*\)$/\1 \2 \2/p'\'' | sed '\''/ __gnu_lto/d'\'''
lt_cv_sys_global_symbol_to_c_name_address='sed -n -e '\''s/^: \(.*\) .*$/  {"\1", (void *) 0},/p'\'' -e '\''s/^[ABCDGIRSTW][ABCDGIRSTW]* .* \(.*\)$/  {"\1", (void *) \&\1},/p'\'''
lt_cv_sys_global_symbol_to_c_name_address_lib_prefix='sed -n -e '\''s/^: \(.*\) .*$/  {"\1", (void *) 0},/p'\'' -e '\''s/^[ABCDGIRSTW][ABCDGIRSTW]* .* \(lib.*\)$/  {"\1", (void *) \&\1},/p'\'' -e '\''s/^[ABCDGIRSTW][ABCDGIRSTW]* .* \(.*\)$/  {"lib\1", (void *) \&\1},/p'\'''
lt_cv_sys_global_symbol_to_cdecl='sed -n -e '\''s/^T .* \(.*\)$/extern int \1();/p'\'' -e '\''s/^[ABCDGIRSTW][ABCDGIRSTW]* .* \(.*\)$/extern char \1;/p'\'''
lt_cv_sys_global_symbol_to_import=
lt_cv_sys_max_cmd_len=1572864
lt_cv_to_host_file_cmd=func_convert_file_noop
lt_cv_to_tool_file_cmd=func_convert_file_noop
lt_cv_truncate_bin='/bin/dd bs=4096 count=1'
pkg_cv_CHECK_CFLAGS=-pthread
pkg_cv_CHECK_LIBS='-lcheck_pic -pthread -lrt -lm -lsubunit'

## ----------------- ##
## Output variables. ##
## ----------------- ##

ACLOCAL='aclocal-1.15'
AMDEPBACKSLASH='\'
AMDEP_FALSE='#'
AMDEP_TRUE=''
AMTAR='$${TAR-tar}'
AM_BACKSLASH='\'
AM_DEFAULT_V='$(AM_DEFAULT_VERBOSITY)'
AM_DEFAULT_VERBOSITY='1'
AM_V='$(V)'
AR='ar'
AUTOCONF='autoconf'
AUTOHEADER='autoheader'
AUTOMAKE='automake-1.15'
AWK='gawk'
CC='gcc'
CCDEPMODE='depmode=gcc3'
CFLAGS='-g -O2'
CHECK_CFLAGS='-pthread'
CHECK_LIBS='-lcheck_pic -pthread -lrt -lm -lsubunit'
CPP='gcc -E'
CPPFLAGS=''
CYGPATH_W='echo'
DEFS='-DHAVE_CONFIG_H'
DEPDIR='.deps'
DLLTOOL='false'
DSYMUTIL=''
DUMPBIN=''
ECHO_C=''
ECHO_N='-n'
ECHO_T=''
EGREP='/bin/grep -E'
EXEEXT=''
FGREP='/bin/grep -F'
GREP='/bin/grep'
INSTALL_DATA='${INSTALL} -m 644'
INSTALL_PROGRAM='${INSTALL}'
INSTALL_SCRIPT='${INSTALL}'
INSTALL_STRIP_PROGRAM='$(install_sh) -c -s'
LD='/usr/bin/ld -m elf_x86_64'
LDFLAGS=''
LIBOBJS=''
LIBS=''
LIBTOOL='$(SHELL) $(top_builddir)/libtool'
LIPO=''
LN_S='ln -s'
LTLIBOBJS=''
LT_SYS_LIBRARY_PATH=''
MAKEINFO='makeinfo'
MANIFEST_TOOL=':'
MKDIR_P='/bin/mkdir -p'
NM='/usr/bin/nm -B'
NMEDIT=''
OBJDUMP='objdump'
OBJEXT='o'
OTOOL64=''
OTOOL=''
PACKAGE='roman_calculator'
PACKAGE_BUGREPORT='ranjit.shanbhag@gmail.com'
PACKAGE_NAME='Roman_Calculator'
PACKAGE_STRING='Roman_Calculator 1.0'
PACKAGE_TARNAME='roman_calculator'
PACKAGE_URL=''
PACKAGE_VERSION='1.0'
PATH_SEPARATOR=':'
PKG_CONFIG='/usr/bin/pkg-config'
PKG_CONFIG_LIBDIR=''
PKG_CONFIG_PATH=''
RANLIB='ranlib'
SED='/bin/sed'
SET_MAKE=''
SHELL='/bin/bash'
STRIP='strip'
VERSION='1.0'
ac_aux_dir='build-aux'
ac_ct_AR='ar'
ac_ct_CC='gcc'
ac_ct_DUMPBIN=''
am__EXEEXT_FALSE=''
am__EXEEXT_TRUE='#'
am__fastdepCC_FALSE='#'
am__fastdepCC_TRUE=''
am__include='include'
am__isrc=''
am__leading_dot='.'
am__nodep='_no'
am__quote=''
am__tar='$${TAR-tar} chof - "$$tardir"'
am__untar='$${TAR-tar} xf -'
bindir='${exec_prefix}/bin'
build='x86_64-pc-linux-gnu'
build_alias=''
build_cpu='x86_64'
build_os='linux-gnu'
build_vendor='pc'
datadir='${datarootdir}'
datarootdir='${prefix}/share'
docdir='${datarootdir}/doc/${PACKAGE_TARNAME}'
dvidir='${docdir}'
exec_prefix='${prefix}'
host='x86_64-pc-linux-gnu'
host_alias=''
host_cpu='x86_64'
host_os='linux-gnu'
host_vendor='pc'
htmldir='${docdir}'
includedir='${prefix}/include'
infodir='${datarootdir}/info'
install_sh='${SHELL} /home/dumma/Desktop/roman_calc/install-sh'
libdir='${exec_prefix}/lib'
libexecdir='${exec_prefix}/libexec'
localedir='${datarootdir}/locale'
localstatedir='${prefix}/var'
mandir='${datarootdir}/man'
mkdir_p='$(MKDIR_P)'
oldincludedir='/usr/include'
pdfdir='${docdir}'
prefix='/usr/local'
program_transform_name='s,x,x,'
psdir='${docdir}'
runstatedir='${localstatedir}/run'
sbindir='${exec_prefix}/sbin'
sharedstatedir='${prefix}/com'
sysconfdir='${prefix}/etc'
target_alias=''

## ----------- ##
## confdefs.h. ##
## ----------- ##

/* confdefs.h */
#define PACKAGE_NAME "Roman_Calculator"
#define PACKAGE_TARNAME "roman_calculator"
#define PACKAGE_VERSION "1.0"
#define PACKAGE_STRING "Roman_Calculator 1.0"
#define PACKAGE_BUGREPORT "ranjit.shanbhag@gmail.com"
#define PACKAGE_URL ""
#define PACKAGE "roman_calculator"
#define VERSION "1.0"
#define STDC_HEADERS 1
#define HAVE_SYS_TYPES_H 1
#define HAVE_SYS_STAT_H 1
#define HAVE_STDLIB_H 1
#define HAVE_STRING_H 1
#define HAVE_MEMORY_H 1
#define HAVE_STRINGS_H 1
#define HAVE_INTTYPES_H 1
#define HAVE_STDINT_H 1
#define HAVE_UNISTD_H 1
#define HAVE_DLFCN_H 1
#define LT_OBJDIR ".libs/"
#define STDC_HEADERS 1
#define HAVE_STDLIB_H 1
#define HAVE_STDLIB_H 1
#define HAVE_MALLOC 1

configure: exit 0

## ---------------------- ##
## Running config.status. ##
## ---------------------- ##

This file was extended by Roman_Calculator config.status 1.0, which was
generated by GNU Autoconf 2.69.  Invocation command line was

  CONFIG_FILES    = 
  CONFIG_HEADERS  = 
  CONFIG_LINKS    = 
  CONFIG_COMMANDS = 
  $ ./config.status tests/Makefile depfiles

on dumma-Inspiron-7558

config.status:1096: creating tests/Makefile
config.status:1325: executing depfiles commands

## ---------------------- ##
## Running config.status. ##
## ---------------------- ##

This file was extended by Roman_Calculator config.status 1.0, which was
generated by GNU Autoconf 2.69.  Invocation command line was

  CONFIG_FILES    = 
  CONFIG_HEADERS  = 
  CONFIG_LINKS    = 
  CONFIG_COMMANDS = 
  $ ./config.status src/Makefile depfiles

on dumma-Inspiron-7558

config.status:1096: creating src/Makefile
config.status:1325: executing depfiles commands

## ---------------------- ##
## Running config.status. ##
## ---------------------- ##

This file was extended by Roman_Calculator config.status 1.0, which was
generated by GNU Autoconf 2.69.  Invocation command line was

  CONFIG_FILES    = 
  CONFIG_HEADERS  = 
  CONFIG_LINKS    = 
  CONFIG_COMMANDS = 
  $ ./config.status src/Makefile depfiles

on dumma-Inspiron-7558

config.status:1096: creating src/Makefile
config.status:1325: executing depfiles commands

## ---------------------- ##
## Running config.status. ##
## ---------------------- ##

This file was extended by Roman_Calculator config.status 1.0, which was
generated by GNU Autoconf 2.69.  Invocation command line was

  CONFIG_FILES    = 
  CONFIG_HEADERS  = 
  CONFIG_LINKS    = 
  CONFIG_COMMANDS = 
  $ ./config.status Makefile

on dumma-Inspiron-7558

config.status:1096: creating Makefile

## ---------------------- ##
## Running config.status. ##
## ---------------------- ##

This file was extended by Roman_Calculator config.status 1.0, which was
generated by GNU Autoconf 2.69.  Invocation command line was

  CONFIG_FILES    = 
  CONFIG_HEADERS  = 
  CONFIG_LINKS    = 
  CONFIG_COMMANDS = 
  $ ./config.status Makefile

on dumma-Inspiron-7558

config.status:1096: creating Makefile

## ---------------------- ##
## Running config.status. ##
## ---------------------- ##

This file was extended by Roman_Calculator config.status 1.0, which was
generated by GNU Autoconf 2.69.  Invocation command line was

  CONFIG_FILES    = 
  CONFIG_HEADERS  = 
  CONFIG_LINKS    = 
  CONFIG_COMMANDS = 
  $ ./config.status Makefile

on dumma-Inspiron-7558

config.status:1096: creating Makefile

## ---------------------- ##
## Running config.status. ##
## ---------------------- ##

This file was extended by Roman_Calculator config.status 1.0, which was
generated by GNU Autoconf 2.69.  Invocation command line was

  CONFIG_FILES    = 
  CONFIG_HEADERS  = 
  CONFIG_LINKS    = 
  CONFIG_COMMANDS = 
  $ ./config.status Makefile

on dumma-Inspiron-7558

config.status:1096: creating Makefile

## ---------------------- ##
## Running config.status. ##
## ---------------------- ##

This file was extended by Roman_Calculator config.status 1.0, which was
generated by GNU Autoconf 2.69.  Invocation command line was

  CONFIG_FILES    = 
  CONFIG_HEADERS  = 
  CONFIG_LINKS    = 
  CONFIG_COMMANDS = 
  $ ./config.status src/Makefile depfiles

on dumma-Inspiron-7558

config.status:1096: creating src/Makefile
config.status:1325: executing depfiles commands

## ---------------------- ##
## Running config.status. ##
## ---------------------- ##

This file was extended by Roman_Calculator config.status 1.0, which was
generated by GNU Autoconf 2.69.  Invocation command line was

  CONFIG_FILES    = 
  CONFIG_HEADERS  = 
  CONFIG_LINKS    = 
  CONFIG_COMMANDS = 
  $ ./config.status Makefile

on dumma-Inspiron-7558

config.status:1096: creating Makefile
